#
# A fatal error has been detected by the Java Runtime Environment:
#
#  SIGSEGV (0xb) at pc=0x000000010eda14d4, pid=61110, tid=9731
#
# JRE version: Java(TM) SE Runtime Environment (15.0.1+9) (build 15.0.1+9-18)
# Java VM: Java HotSpot(TM) 64-Bit Server VM (15.0.1+9-18, mixed mode, sharing, tiered, compressed oops, g1 gc, bsd-amd64)
# Problematic frame:
# V  [libjvm.dylib+0x34d4]  AccessInternal::PostRuntimeDispatch<G1BarrierSet::AccessBarrier<548980ull, G1BarrierSet>, (AccessInternal::BarrierType)2, 548980ull>::oop_access_barrier(void*)+0x4
#
# No core dump will be written. Core dumps have been disabled. To enable core dumping, try "ulimit -c unlimited" before starting Java again
#
# If you would like to submit a bug report, please visit:
#   https://bugreport.java.com/bugreport/crash.jsp
#

---------------  S U M M A R Y ------------

Command Line: -Dfile.encoding=UTF-8 -XX:+ShowCodeDetailsInExceptionMessages FlexiblePictureExplorer$8

Host: MacBookAir7,2 x86_64 1800 MHz, 4 cores, 8G, Darwin 20.3.0
Time: Sun May  2 00:07:29 2021 EDT elapsed time: 0.385049 seconds (0d 0h 0m 0s)

---------------  T H R E A D  ---------------

Current thread (0x00007fadfe810e00):  JavaThread "main" [_thread_in_vm, id=9731, stack(0x000070000478d000,0x000070000488d000)]

Stack: [0x000070000478d000,0x000070000488d000],  sp=0x000070000488cdf0,  free space=1023k
Native frames: (J=compiled Java code, A=aot compiled Java code, j=interpreted, Vv=VM code, C=native code)
V  [libjvm.dylib+0x34d4]  AccessInternal::PostRuntimeDispatch<G1BarrierSet::AccessBarrier<548980ull, G1BarrierSet>, (AccessInternal::BarrierType)2, 548980ull>::oop_access_barrier(void*)+0x4
V  [libjvm.dylib+0x5167b5]  jni_GetStringUTFChars+0xc5
C  [libjli.dylib+0x79ed]  PostJVMInit+0xad
C  [libjli.dylib+0x4ed8]  JavaMain+0xbb8
C  [libjli.dylib+0x7659]  ThreadJavaMain+0x9
C  [libsystem_pthread.dylib+0x6950]  _pthread_start+0xe0
C  [libsystem_pthread.dylib+0x247b]  thread_start+0xf


siginfo: si_signo: 11 (SIGSEGV), si_code: 1 (SEGV_MAPERR), si_addr: 0x0000000000000000

Register to memory mapping:

RAX=0x000000010fd67000 points into unknown readable memory: 0x0000000000000000 | 00 00 00 00 00 00 00 00
RBX=0x0 is NULL
RCX=0x000000010f955e70: jni_NativeInterface+0 in /Library/Java/JavaVirtualMachines/jdk-15.0.1.jdk/Contents/Home/lib/server/libjvm.dylib at 0x000000010ed9e000
RDX=0x0 is NULL
RSP=0x000070000488cdf0 is pointing into the stack for thread: 0x00007fadfe810e00
RBP=0x000070000488cdf0 is pointing into the stack for thread: 0x00007fadfe810e00
RSI=0x0 is NULL
RDI=0x0 is NULL
R8 ={method} {0x000000080000e2b8} 'getCanonicalName' '()Ljava/lang/String;' in 'java/lang/Class'
R9 =0x00007fadfe70a420 points into unknown readable memory: 0x000000080000e2b8 | b8 e2 00 00 08 00 00 00
R10=0x000000010f9d40c0: _ZN19TemplateInterpreter13_active_tableE+0x4800 in /Library/Java/JavaVirtualMachines/jdk-15.0.1.jdk/Contents/Home/lib/server/libjvm.dylib at 0x000000010ed9e000
R11=0x0 is NULL
R12=0x00007fadfe810e00 is a thread
R13=0x0 is NULL
R14=0x0 is NULL
R15=0x0 is NULL


Registers:
RAX=0x000000010fd67000, RBX=0x0000000000000000, RCX=0x000000010f955e70, RDX=0x0000000000000000
RSP=0x000070000488cdf0, RBP=0x000070000488cdf0, RSI=0x0000000000000000, RDI=0x0000000000000000
R8 =0x000000080000e2b8, R9 =0x00007fadfe70a420, R10=0x000000010f9d40c0, R11=0x0000000000000000
R12=0x00007fadfe810e00, R13=0x0000000000000000, R14=0x0000000000000000, R15=0x0000000000000000
RIP=0x000000010eda14d4, EFLAGS=0x0000000000010246, ERR=0x0000000000000004
  TRAPNO=0x000000000000000e

Top of Stack: (sp=0x000070000488cdf0)
0x000070000488cdf0:   000070000488ce80 000000010f2b47b5
0x000070000488ce00:   00007fadfe810e00 0000000000000000
0x000070000488ce10:   000000010ed83b92 000000010ed83b81
0x000070000488ce20:   e9a862bc63dd0009 00007fadfe811128
0x000070000488ce30:   00007fadfe810e00 0000000000000000
0x000070000488ce40:   0000000000000000 00007fadfe810e00
0x000070000488ce50:   000070000488ce80 00007fadfe811128
0x000070000488ce60:   00007fadfe70b1d8 0000000000000000
0x000070000488ce70:   0000000000000000 00007fadfe70b1d0
0x000070000488ce80:   000070000488cf10 000000010ed7f9ed
0x000070000488ce90:   00007fadfe811128 00007fadfe810e00
0x000070000488cea0:   000070000488ced0 000000010f2a15df
0x000070000488ceb0:   e9a862bc63dd0009 00007fadfe70b1b8
0x000070000488cec0:   00007fadfe70b1d8 0000000000000000
0x000070000488ced0:   00007fadfe811128 00007fadfe810e00
0x000070000488cee0:   000070000488cf10 e9a862bc63dd0009
0x000070000488cef0:   00007fadfe70b1b8 00007fadfe70b1d8
0x000070000488cf00:   00007fadfe70b1e8 00007fadfe70b1d0
0x000070000488cf10:   000070000488cfa0 000000010ed7ced8
0x000070000488cf20:   0000000000000000 0005c150fbc5760a
0x000070000488cf30:   0000000500010002 00007fadfe6085b0
0x000070000488cf40:   0000000000000000 0000000000000000
0x000070000488cf50:   00007fadfe50b4b0 0000000000000001
0x000070000488cf60:   00007fadfe50a160 00007fadfe811128
0x000070000488cf70:   000000010f955e68 000070000488d000
0x000070000488cf80:   0000000000000000 0000000000000000
0x000070000488cf90:   0000000000000000 0000000000000000
0x000070000488cfa0:   000070000488cfb0 000000010ed7f659
0x000070000488cfb0:   000070000488cfd0 00007fff2063f950
0x000070000488cfc0:   0000000000000000 0000000000000000
0x000070000488cfd0:   000070000488cff0 00007fff2063b47b
0x000070000488cfe0:   0000000000000000 0000000000000000 

Instructions: (pc=0x000000010eda14d4)
0x000000010eda13d4:   ff 0b 73 0e 48 63 c7 48 8d 0d ae 7e ae 00 8b 04
0x000000010eda13e4:   81 c3 55 48 89 e5 48 8d 3d 13 94 a6 00 be 9c 00
0x000000010eda13f4:   00 00 e8 75 bc 2f 00 e8 b0 42 82 00 31 c0 5d c3
0x000000010eda1404:   66 66 66 2e 0f 1f 84 00 00 00 00 00 55 48 89 e5
0x000000010eda1414:   48 8b 47 08 0f b7 48 32 0f b7 40 30 8d 44 01 19
0x000000010eda1424:   5d c3 66 2e 0f 1f 84 00 00 00 00 00 55 48 89 e5
0x000000010eda1434:   53 50 48 89 fb 48 8d 0d f8 4a c1 00 48 8d 05 d9
0x000000010eda1444:   91 be 00 48 8b 00 8b 40 10 ff c8 80 39 00 74 10
0x000000010eda1454:   83 f8 04 73 1f 48 98 48 8d 0d 7e d4 b0 00 eb 0e
0x000000010eda1464:   83 f8 04 73 0f 48 98 48 8d 0d 8e d4 b0 00 48 8b
0x000000010eda1474:   04 c1 eb 21 48 8d 3d bc 93 a6 00 48 8d 15 e5 93
0x000000010eda1484:   a6 00 be e8 00 00 00 31 c0 e8 de b9 2f 00 e8 19
0x000000010eda1494:   42 82 00 31 c0 48 89 05 90 11 bb 00 48 89 df 48
0x000000010eda14a4:   83 c4 08 5b 5d ff e0 0f 1f 44 00 00 55 48 89 e5
0x000000010eda14b4:   48 8b 07 5d c3 0f 1f 80 00 00 00 00 55 48 89 e5
0x000000010eda14c4:   48 8b 07 5d c3 0f 1f 80 00 00 00 00 55 48 89 e5
0x000000010eda14d4:   48 8b 07 5d c3 0f 1f 80 00 00 00 00 55 48 89 e5
0x000000010eda14e4:   41 57 41 56 53 50 49 89 fe 49 8b 1e 4c 8d 3d 41
0x000000010eda14f4:   67 c4 00 49 85 1f 74 3c 48 89 df e8 8c 31 a3 00
0x000000010eda1504:   48 89 c1 48 85 c9 74 29 48 89 d8 f0 49 0f b1 0e
0x000000010eda1514:   48 89 c2 48 39 da 74 19 0f 1f 40 00 49 85 17 74
0x000000010eda1524:   10 48 89 d0 f0 49 0f b1 0e 48 39 d0 48 89 c2 75
0x000000010eda1534:   eb 48 89 cb 48 89 d8 48 83 c4 08 5b 41 5e 41 5f
0x000000010eda1544:   5d c3 66 2e 0f 1f 84 00 00 00 00 00 55 48 89 e5
0x000000010eda1554:   48 8b 07 5d c3 0f 1f 80 00 00 00 00 55 48 89 e5
0x000000010eda1564:   48 8b 07 5d c3 0f 1f 80 00 00 00 00 55 48 89 e5
0x000000010eda1574:   48 8b 07 5d c3 0f 1f 80 00 00 00 00 55 48 89 e5
0x000000010eda1584:   41 57 41 56 53 50 49 89 fe 49 8b 1e 4c 8d 3d a1
0x000000010eda1594:   66 c4 00 49 85 1f 74 3c 48 89 df e8 ec 30 a3 00
0x000000010eda15a4:   48 89 c1 48 85 c9 74 29 48 89 d8 f0 49 0f b1 0e
0x000000010eda15b4:   48 89 c2 48 39 da 74 19 0f 1f 40 00 49 85 17 74
0x000000010eda15c4:   10 48 89 d0 f0 49 0f b1 0e 48 39 d0 48 89 c2 75 


Stack slot to memory mapping:
stack at sp + 0 slots: 0x000070000488ce80 is pointing into the stack for thread: 0x00007fadfe810e00
stack at sp + 1 slots: 0x000000010f2b47b5: jni_GetStringUTFChars+0xc5 in /Library/Java/JavaVirtualMachines/jdk-15.0.1.jdk/Contents/Home/lib/server/libjvm.dylib at 0x000000010ed9e000
stack at sp + 2 slots: 0x00007fadfe810e00 is a thread
stack at sp + 3 slots: 0x0 is NULL
stack at sp + 4 slots: 0x000000010ed83b92: JLI_WildcardExpandClasspath+0x2282 in /Library/Java/JavaVirtualMachines/jdk-15.0.1.jdk/Contents/Home/lib/libjli.dylib at 0x000000010ed78000
stack at sp + 5 slots: 0x000000010ed83b81: JLI_WildcardExpandClasspath+0x2271 in /Library/Java/JavaVirtualMachines/jdk-15.0.1.jdk/Contents/Home/lib/libjli.dylib at 0x000000010ed78000
stack at sp + 6 slots: 0xe9a862bc63dd0009 is an unknown value
stack at sp + 7 slots: 0x00007fadfe811128 points into unknown readable memory: 0x000000010f955e70 | 70 5e 95 0f 01 00 00 00


---------------  P R O C E S S  ---------------

Threads class SMR info:
_java_thread_list=0x00007fadfe4227f0, length=10, elements={
0x00007fadfe810e00, 0x00007fadff874800, 0x00007fae0000ac00, 0x00007fae0002b000,
0x00007fadfe82fc00, 0x00007fadff874e00, 0x00007fadff016600, 0x00007fadfe831e00,
0x00007fadff878600, 0x00007fadfe832400
}

Java Threads: ( => current thread )
=>0x00007fadfe810e00 JavaThread "main" [_thread_in_vm, id=9731, stack(0x000070000478d000,0x000070000488d000)]
  0x00007fadff874800 JavaThread "Reference Handler" daemon [_thread_blocked, id=16387, stack(0x0000700004ea2000,0x0000700004fa2000)]
  0x00007fae0000ac00 JavaThread "Finalizer" daemon [_thread_blocked, id=15875, stack(0x0000700004fa5000,0x00007000050a5000)]
  0x00007fae0002b000 JavaThread "Signal Dispatcher" daemon [_thread_blocked, id=42499, stack(0x00007000051ae000,0x00007000052ae000)]
  0x00007fadfe82fc00 JavaThread "Service Thread" daemon [_thread_blocked, id=41987, stack(0x00007000052b1000,0x00007000053b1000)]
  0x00007fadff874e00 JavaThread "C2 CompilerThread0" daemon [_thread_blocked, id=41731, stack(0x00007000053b4000,0x00007000054b4000)]
  0x00007fadff016600 JavaThread "C1 CompilerThread0" daemon [_thread_blocked, id=40963, stack(0x00007000054b7000,0x00007000055b7000)]
  0x00007fadfe831e00 JavaThread "Sweeper thread" daemon [_thread_blocked, id=40451, stack(0x00007000055ba000,0x00007000056ba000)]
  0x00007fadff878600 JavaThread "Notification Thread" daemon [_thread_blocked, id=39683, stack(0x00007000056bd000,0x00007000057bd000)]
  0x00007fadfe832400 JavaThread "Common-Cleaner" daemon [_thread_blocked, id=38915, stack(0x00007000058c3000,0x00007000059c3000)]

Other Threads:
  0x00007fadfe62d9e0 VMThread "VM Thread" [stack: 0x0000700004d9f000,0x0000700004e9f000] [id=16899]
  0x00007fadfe421ac0 WatcherThread [stack: 0x00007000057c0000,0x00007000058c0000] [id=25091]
  0x00007fadfe4116b0 GCTaskThread "GC Thread#0" [stack: 0x0000700004890000,0x0000700004990000] [id=11523]
  0x00007fadfe60c7a0 ConcurrentGCThread "G1 Main Marker" [stack: 0x0000700004993000,0x0000700004a93000] [id=18435]
  0x00007fadfe50d680 ConcurrentGCThread "G1 Conc#0" [stack: 0x0000700004a96000,0x0000700004b96000] [id=12291]
  0x00007fadfe627170 ConcurrentGCThread "G1 Refine#0" [stack: 0x0000700004b99000,0x0000700004c99000] [id=17923]
  0x00007fadfe6281f0 ConcurrentGCThread "G1 Young RemSet Sampling" [stack: 0x0000700004c9c000,0x0000700004d9c000] [id=17411]

Threads with active compile tasks:

VM state: not at safepoint (normal execution)

VM Mutex/Monitor currently owned by a thread: None

Heap address: 0x0000000780000000, size: 2048 MB, Compressed Oops mode: Zero based, Oop shift amount: 3
CDS archive(s) mapped at: [0x0000000800000000-0x0000000800b2c000-0x0000000800b2c000), size 11714560, SharedBaseAddress: 0x0000000800000000, ArchiveRelocationMode: 0.
Compressed class space mapped at: 0x0000000800b2c000-0x0000000840b2c000, size: 1073741824
Narrow klass base: 0x0000000800000000, Narrow klass shift: 3, Narrow klass range: 0x100000000

GC Precious Log:
 CPUs: 4 total, 4 available
 Memory: 8192M
 Large Page Support: Disabled
 NUMA Support: Disabled
 Compressed Oops: Enabled (Zero based)
 Heap Region Size: 1M
 Heap Min Capacity: 8M
 Heap Initial Capacity: 128M
 Heap Max Capacity: 2G
 Pre-touch: Disabled
 Parallel Workers: 4
 Concurrent Workers: 1
 Concurrent Refinement Workers: 4
 Periodic GC: Disabled

Heap:
 garbage-first heap   total 133120K, used 808K [0x0000000780000000, 0x0000000800000000)
  region size 1024K, 1 young (1024K), 0 survivors (0K)
 Metaspace       used 751K, capacity 4584K, committed 4864K, reserved 1056768K
  class space    used 78K, capacity 420K, committed 512K, reserved 1048576K

Heap Regions: E=young(eden), S=young(survivor), O=old, HS=humongous(starts), HC=humongous(continues), CS=collection set, F=free, OA=open archive, CA=closed archive, TAMS=top-at-mark-start (previous, next)
|   0|0x0000000780000000, 0x0000000780000000, 0x0000000780100000|  0%| F|  |TAMS 0x0000000780000000, 0x0000000780000000| Untracked 
|   1|0x0000000780100000, 0x0000000780100000, 0x0000000780200000|  0%| F|  |TAMS 0x0000000780100000, 0x0000000780100000| Untracked 
|   2|0x0000000780200000, 0x0000000780200000, 0x0000000780300000|  0%| F|  |TAMS 0x0000000780200000, 0x0000000780200000| Untracked 
|   3|0x0000000780300000, 0x0000000780300000, 0x0000000780400000|  0%| F|  |TAMS 0x0000000780300000, 0x0000000780300000| Untracked 
|   4|0x0000000780400000, 0x0000000780400000, 0x0000000780500000|  0%| F|  |TAMS 0x0000000780400000, 0x0000000780400000| Untracked 
|   5|0x0000000780500000, 0x0000000780500000, 0x0000000780600000|  0%| F|  |TAMS 0x0000000780500000, 0x0000000780500000| Untracked 
|   6|0x0000000780600000, 0x0000000780600000, 0x0000000780700000|  0%| F|  |TAMS 0x0000000780600000, 0x0000000780600000| Untracked 
|   7|0x0000000780700000, 0x0000000780700000, 0x0000000780800000|  0%| F|  |TAMS 0x0000000780700000, 0x0000000780700000| Untracked 
|   8|0x0000000780800000, 0x0000000780800000, 0x0000000780900000|  0%| F|  |TAMS 0x0000000780800000, 0x0000000780800000| Untracked 
|   9|0x0000000780900000, 0x0000000780900000, 0x0000000780a00000|  0%| F|  |TAMS 0x0000000780900000, 0x0000000780900000| Untracked 
|  10|0x0000000780a00000, 0x0000000780a00000, 0x0000000780b00000|  0%| F|  |TAMS 0x0000000780a00000, 0x0000000780a00000| Untracked 
|  11|0x0000000780b00000, 0x0000000780b00000, 0x0000000780c00000|  0%| F|  |TAMS 0x0000000780b00000, 0x0000000780b00000| Untracked 
|  12|0x0000000780c00000, 0x0000000780c00000, 0x0000000780d00000|  0%| F|  |TAMS 0x0000000780c00000, 0x0000000780c00000| Untracked 
|  13|0x0000000780d00000, 0x0000000780d00000, 0x0000000780e00000|  0%| F|  |TAMS 0x0000000780d00000, 0x0000000780d00000| Untracked 
|  14|0x0000000780e00000, 0x0000000780e00000, 0x0000000780f00000|  0%| F|  |TAMS 0x0000000780e00000, 0x0000000780e00000| Untracked 
|  15|0x0000000780f00000, 0x0000000780f00000, 0x0000000781000000|  0%| F|  |TAMS 0x0000000780f00000, 0x0000000780f00000| Untracked 
|  16|0x0000000781000000, 0x0000000781000000, 0x0000000781100000|  0%| F|  |TAMS 0x0000000781000000, 0x0000000781000000| Untracked 
|  17|0x0000000781100000, 0x0000000781100000, 0x0000000781200000|  0%| F|  |TAMS 0x0000000781100000, 0x0000000781100000| Untracked 
|  18|0x0000000781200000, 0x0000000781200000, 0x0000000781300000|  0%| F|  |TAMS 0x0000000781200000, 0x0000000781200000| Untracked 
|  19|0x0000000781300000, 0x0000000781300000, 0x0000000781400000|  0%| F|  |TAMS 0x0000000781300000, 0x0000000781300000| Untracked 
|  20|0x0000000781400000, 0x0000000781400000, 0x0000000781500000|  0%| F|  |TAMS 0x0000000781400000, 0x0000000781400000| Untracked 
|  21|0x0000000781500000, 0x0000000781500000, 0x0000000781600000|  0%| F|  |TAMS 0x0000000781500000, 0x0000000781500000| Untracked 
|  22|0x0000000781600000, 0x0000000781600000, 0x0000000781700000|  0%| F|  |TAMS 0x0000000781600000, 0x0000000781600000| Untracked 
|  23|0x0000000781700000, 0x0000000781700000, 0x0000000781800000|  0%| F|  |TAMS 0x0000000781700000, 0x0000000781700000| Untracked 
|  24|0x0000000781800000, 0x0000000781800000, 0x0000000781900000|  0%| F|  |TAMS 0x0000000781800000, 0x0000000781800000| Untracked 
|  25|0x0000000781900000, 0x0000000781900000, 0x0000000781a00000|  0%| F|  |TAMS 0x0000000781900000, 0x0000000781900000| Untracked 
|  26|0x0000000781a00000, 0x0000000781a00000, 0x0000000781b00000|  0%| F|  |TAMS 0x0000000781a00000, 0x0000000781a00000| Untracked 
|  27|0x0000000781b00000, 0x0000000781b00000, 0x0000000781c00000|  0%| F|  |TAMS 0x0000000781b00000, 0x0000000781b00000| Untracked 
|  28|0x0000000781c00000, 0x0000000781c00000, 0x0000000781d00000|  0%| F|  |TAMS 0x0000000781c00000, 0x0000000781c00000| Untracked 
|  29|0x0000000781d00000, 0x0000000781d00000, 0x0000000781e00000|  0%| F|  |TAMS 0x0000000781d00000, 0x0000000781d00000| Untracked 
|  30|0x0000000781e00000, 0x0000000781e00000, 0x0000000781f00000|  0%| F|  |TAMS 0x0000000781e00000, 0x0000000781e00000| Untracked 
|  31|0x0000000781f00000, 0x0000000781f00000, 0x0000000782000000|  0%| F|  |TAMS 0x0000000781f00000, 0x0000000781f00000| Untracked 
|  32|0x0000000782000000, 0x0000000782000000, 0x0000000782100000|  0%| F|  |TAMS 0x0000000782000000, 0x0000000782000000| Untracked 
|  33|0x0000000782100000, 0x0000000782100000, 0x0000000782200000|  0%| F|  |TAMS 0x0000000782100000, 0x0000000782100000| Untracked 
|  34|0x0000000782200000, 0x0000000782200000, 0x0000000782300000|  0%| F|  |TAMS 0x0000000782200000, 0x0000000782200000| Untracked 
|  35|0x0000000782300000, 0x0000000782300000, 0x0000000782400000|  0%| F|  |TAMS 0x0000000782300000, 0x0000000782300000| Untracked 
|  36|0x0000000782400000, 0x0000000782400000, 0x0000000782500000|  0%| F|  |TAMS 0x0000000782400000, 0x0000000782400000| Untracked 
|  37|0x0000000782500000, 0x0000000782500000, 0x0000000782600000|  0%| F|  |TAMS 0x0000000782500000, 0x0000000782500000| Untracked 
|  38|0x0000000782600000, 0x0000000782600000, 0x0000000782700000|  0%| F|  |TAMS 0x0000000782600000, 0x0000000782600000| Untracked 
|  39|0x0000000782700000, 0x0000000782700000, 0x0000000782800000|  0%| F|  |TAMS 0x0000000782700000, 0x0000000782700000| Untracked 
|  40|0x0000000782800000, 0x0000000782800000, 0x0000000782900000|  0%| F|  |TAMS 0x0000000782800000, 0x0000000782800000| Untracked 
|  41|0x0000000782900000, 0x0000000782900000, 0x0000000782a00000|  0%| F|  |TAMS 0x0000000782900000, 0x0000000782900000| Untracked 
|  42|0x0000000782a00000, 0x0000000782a00000, 0x0000000782b00000|  0%| F|  |TAMS 0x0000000782a00000, 0x0000000782a00000| Untracked 
|  43|0x0000000782b00000, 0x0000000782b00000, 0x0000000782c00000|  0%| F|  |TAMS 0x0000000782b00000, 0x0000000782b00000| Untracked 
|  44|0x0000000782c00000, 0x0000000782c00000, 0x0000000782d00000|  0%| F|  |TAMS 0x0000000782c00000, 0x0000000782c00000| Untracked 
|  45|0x0000000782d00000, 0x0000000782d00000, 0x0000000782e00000|  0%| F|  |TAMS 0x0000000782d00000, 0x0000000782d00000| Untracked 
|  46|0x0000000782e00000, 0x0000000782e00000, 0x0000000782f00000|  0%| F|  |TAMS 0x0000000782e00000, 0x0000000782e00000| Untracked 
|  47|0x0000000782f00000, 0x0000000782f00000, 0x0000000783000000|  0%| F|  |TAMS 0x0000000782f00000, 0x0000000782f00000| Untracked 
|  48|0x0000000783000000, 0x0000000783000000, 0x0000000783100000|  0%| F|  |TAMS 0x0000000783000000, 0x0000000783000000| Untracked 
|  49|0x0000000783100000, 0x0000000783100000, 0x0000000783200000|  0%| F|  |TAMS 0x0000000783100000, 0x0000000783100000| Untracked 
|  50|0x0000000783200000, 0x0000000783200000, 0x0000000783300000|  0%| F|  |TAMS 0x0000000783200000, 0x0000000783200000| Untracked 
|  51|0x0000000783300000, 0x0000000783300000, 0x0000000783400000|  0%| F|  |TAMS 0x0000000783300000, 0x0000000783300000| Untracked 
|  52|0x0000000783400000, 0x0000000783400000, 0x0000000783500000|  0%| F|  |TAMS 0x0000000783400000, 0x0000000783400000| Untracked 
|  53|0x0000000783500000, 0x0000000783500000, 0x0000000783600000|  0%| F|  |TAMS 0x0000000783500000, 0x0000000783500000| Untracked 
|  54|0x0000000783600000, 0x0000000783600000, 0x0000000783700000|  0%| F|  |TAMS 0x0000000783600000, 0x0000000783600000| Untracked 
|  55|0x0000000783700000, 0x0000000783700000, 0x0000000783800000|  0%| F|  |TAMS 0x0000000783700000, 0x0000000783700000| Untracked 
|  56|0x0000000783800000, 0x0000000783800000, 0x0000000783900000|  0%| F|  |TAMS 0x0000000783800000, 0x0000000783800000| Untracked 
|  57|0x0000000783900000, 0x0000000783900000, 0x0000000783a00000|  0%| F|  |TAMS 0x0000000783900000, 0x0000000783900000| Untracked 
|  58|0x0000000783a00000, 0x0000000783a00000, 0x0000000783b00000|  0%| F|  |TAMS 0x0000000783a00000, 0x0000000783a00000| Untracked 
|  59|0x0000000783b00000, 0x0000000783b00000, 0x0000000783c00000|  0%| F|  |TAMS 0x0000000783b00000, 0x0000000783b00000| Untracked 
|  60|0x0000000783c00000, 0x0000000783c00000, 0x0000000783d00000|  0%| F|  |TAMS 0x0000000783c00000, 0x0000000783c00000| Untracked 
|  61|0x0000000783d00000, 0x0000000783d00000, 0x0000000783e00000|  0%| F|  |TAMS 0x0000000783d00000, 0x0000000783d00000| Untracked 
|  62|0x0000000783e00000, 0x0000000783e00000, 0x0000000783f00000|  0%| F|  |TAMS 0x0000000783e00000, 0x0000000783e00000| Untracked 
|  63|0x0000000783f00000, 0x0000000783f00000, 0x0000000784000000|  0%| F|  |TAMS 0x0000000783f00000, 0x0000000783f00000| Untracked 
|  64|0x0000000784000000, 0x0000000784000000, 0x0000000784100000|  0%| F|  |TAMS 0x0000000784000000, 0x0000000784000000| Untracked 
|  65|0x0000000784100000, 0x0000000784100000, 0x0000000784200000|  0%| F|  |TAMS 0x0000000784100000, 0x0000000784100000| Untracked 
|  66|0x0000000784200000, 0x0000000784200000, 0x0000000784300000|  0%| F|  |TAMS 0x0000000784200000, 0x0000000784200000| Untracked 
|  67|0x0000000784300000, 0x0000000784300000, 0x0000000784400000|  0%| F|  |TAMS 0x0000000784300000, 0x0000000784300000| Untracked 
|  68|0x0000000784400000, 0x0000000784400000, 0x0000000784500000|  0%| F|  |TAMS 0x0000000784400000, 0x0000000784400000| Untracked 
|  69|0x0000000784500000, 0x0000000784500000, 0x0000000784600000|  0%| F|  |TAMS 0x0000000784500000, 0x0000000784500000| Untracked 
|  70|0x0000000784600000, 0x0000000784600000, 0x0000000784700000|  0%| F|  |TAMS 0x0000000784600000, 0x0000000784600000| Untracked 
|  71|0x0000000784700000, 0x0000000784700000, 0x0000000784800000|  0%| F|  |TAMS 0x0000000784700000, 0x0000000784700000| Untracked 
|  72|0x0000000784800000, 0x0000000784800000, 0x0000000784900000|  0%| F|  |TAMS 0x0000000784800000, 0x0000000784800000| Untracked 
|  73|0x0000000784900000, 0x0000000784900000, 0x0000000784a00000|  0%| F|  |TAMS 0x0000000784900000, 0x0000000784900000| Untracked 
|  74|0x0000000784a00000, 0x0000000784a00000, 0x0000000784b00000|  0%| F|  |TAMS 0x0000000784a00000, 0x0000000784a00000| Untracked 
|  75|0x0000000784b00000, 0x0000000784b00000, 0x0000000784c00000|  0%| F|  |TAMS 0x0000000784b00000, 0x0000000784b00000| Untracked 
|  76|0x0000000784c00000, 0x0000000784c00000, 0x0000000784d00000|  0%| F|  |TAMS 0x0000000784c00000, 0x0000000784c00000| Untracked 
|  77|0x0000000784d00000, 0x0000000784d00000, 0x0000000784e00000|  0%| F|  |TAMS 0x0000000784d00000, 0x0000000784d00000| Untracked 
|  78|0x0000000784e00000, 0x0000000784e00000, 0x0000000784f00000|  0%| F|  |TAMS 0x0000000784e00000, 0x0000000784e00000| Untracked 
|  79|0x0000000784f00000, 0x0000000784f00000, 0x0000000785000000|  0%| F|  |TAMS 0x0000000784f00000, 0x0000000784f00000| Untracked 
|  80|0x0000000785000000, 0x0000000785000000, 0x0000000785100000|  0%| F|  |TAMS 0x0000000785000000, 0x0000000785000000| Untracked 
|  81|0x0000000785100000, 0x0000000785100000, 0x0000000785200000|  0%| F|  |TAMS 0x0000000785100000, 0x0000000785100000| Untracked 
|  82|0x0000000785200000, 0x0000000785200000, 0x0000000785300000|  0%| F|  |TAMS 0x0000000785200000, 0x0000000785200000| Untracked 
|  83|0x0000000785300000, 0x0000000785300000, 0x0000000785400000|  0%| F|  |TAMS 0x0000000785300000, 0x0000000785300000| Untracked 
|  84|0x0000000785400000, 0x0000000785400000, 0x0000000785500000|  0%| F|  |TAMS 0x0000000785400000, 0x0000000785400000| Untracked 
|  85|0x0000000785500000, 0x0000000785500000, 0x0000000785600000|  0%| F|  |TAMS 0x0000000785500000, 0x0000000785500000| Untracked 
|  86|0x0000000785600000, 0x0000000785600000, 0x0000000785700000|  0%| F|  |TAMS 0x0000000785600000, 0x0000000785600000| Untracked 
|  87|0x0000000785700000, 0x0000000785700000, 0x0000000785800000|  0%| F|  |TAMS 0x0000000785700000, 0x0000000785700000| Untracked 
|  88|0x0000000785800000, 0x0000000785800000, 0x0000000785900000|  0%| F|  |TAMS 0x0000000785800000, 0x0000000785800000| Untracked 
|  89|0x0000000785900000, 0x0000000785900000, 0x0000000785a00000|  0%| F|  |TAMS 0x0000000785900000, 0x0000000785900000| Untracked 
|  90|0x0000000785a00000, 0x0000000785a00000, 0x0000000785b00000|  0%| F|  |TAMS 0x0000000785a00000, 0x0000000785a00000| Untracked 
|  91|0x0000000785b00000, 0x0000000785b00000, 0x0000000785c00000|  0%| F|  |TAMS 0x0000000785b00000, 0x0000000785b00000| Untracked 
|  92|0x0000000785c00000, 0x0000000785c00000, 0x0000000785d00000|  0%| F|  |TAMS 0x0000000785c00000, 0x0000000785c00000| Untracked 
|  93|0x0000000785d00000, 0x0000000785d00000, 0x0000000785e00000|  0%| F|  |TAMS 0x0000000785d00000, 0x0000000785d00000| Untracked 
|  94|0x0000000785e00000, 0x0000000785e00000, 0x0000000785f00000|  0%| F|  |TAMS 0x0000000785e00000, 0x0000000785e00000| Untracked 
|  95|0x0000000785f00000, 0x0000000785f00000, 0x0000000786000000|  0%| F|  |TAMS 0x0000000785f00000, 0x0000000785f00000| Untracked 
|  96|0x0000000786000000, 0x0000000786000000, 0x0000000786100000|  0%| F|  |TAMS 0x0000000786000000, 0x0000000786000000| Untracked 
|  97|0x0000000786100000, 0x0000000786100000, 0x0000000786200000|  0%| F|  |TAMS 0x0000000786100000, 0x0000000786100000| Untracked 
|  98|0x0000000786200000, 0x0000000786200000, 0x0000000786300000|  0%| F|  |TAMS 0x0000000786200000, 0x0000000786200000| Untracked 
|  99|0x0000000786300000, 0x0000000786300000, 0x0000000786400000|  0%| F|  |TAMS 0x0000000786300000, 0x0000000786300000| Untracked 
| 100|0x0000000786400000, 0x0000000786400000, 0x0000000786500000|  0%| F|  |TAMS 0x0000000786400000, 0x0000000786400000| Untracked 
| 101|0x0000000786500000, 0x0000000786500000, 0x0000000786600000|  0%| F|  |TAMS 0x0000000786500000, 0x0000000786500000| Untracked 
| 102|0x0000000786600000, 0x0000000786600000, 0x0000000786700000|  0%| F|  |TAMS 0x0000000786600000, 0x0000000786600000| Untracked 
| 103|0x0000000786700000, 0x0000000786700000, 0x0000000786800000|  0%| F|  |TAMS 0x0000000786700000, 0x0000000786700000| Untracked 
| 104|0x0000000786800000, 0x0000000786800000, 0x0000000786900000|  0%| F|  |TAMS 0x0000000786800000, 0x0000000786800000| Untracked 
| 105|0x0000000786900000, 0x0000000786900000, 0x0000000786a00000|  0%| F|  |TAMS 0x0000000786900000, 0x0000000786900000| Untracked 
| 106|0x0000000786a00000, 0x0000000786a00000, 0x0000000786b00000|  0%| F|  |TAMS 0x0000000786a00000, 0x0000000786a00000| Untracked 
| 107|0x0000000786b00000, 0x0000000786b00000, 0x0000000786c00000|  0%| F|  |TAMS 0x0000000786b00000, 0x0000000786b00000| Untracked 
| 108|0x0000000786c00000, 0x0000000786c00000, 0x0000000786d00000|  0%| F|  |TAMS 0x0000000786c00000, 0x0000000786c00000| Untracked 
| 109|0x0000000786d00000, 0x0000000786d00000, 0x0000000786e00000|  0%| F|  |TAMS 0x0000000786d00000, 0x0000000786d00000| Untracked 
| 110|0x0000000786e00000, 0x0000000786e00000, 0x0000000786f00000|  0%| F|  |TAMS 0x0000000786e00000, 0x0000000786e00000| Untracked 
| 111|0x0000000786f00000, 0x0000000786f00000, 0x0000000787000000|  0%| F|  |TAMS 0x0000000786f00000, 0x0000000786f00000| Untracked 
| 112|0x0000000787000000, 0x0000000787000000, 0x0000000787100000|  0%| F|  |TAMS 0x0000000787000000, 0x0000000787000000| Untracked 
| 113|0x0000000787100000, 0x0000000787100000, 0x0000000787200000|  0%| F|  |TAMS 0x0000000787100000, 0x0000000787100000| Untracked 
| 114|0x0000000787200000, 0x0000000787200000, 0x0000000787300000|  0%| F|  |TAMS 0x0000000787200000, 0x0000000787200000| Untracked 
| 115|0x0000000787300000, 0x0000000787300000, 0x0000000787400000|  0%| F|  |TAMS 0x0000000787300000, 0x0000000787300000| Untracked 
| 116|0x0000000787400000, 0x0000000787400000, 0x0000000787500000|  0%| F|  |TAMS 0x0000000787400000, 0x0000000787400000| Untracked 
| 117|0x0000000787500000, 0x0000000787500000, 0x0000000787600000|  0%| F|  |TAMS 0x0000000787500000, 0x0000000787500000| Untracked 
| 118|0x0000000787600000, 0x0000000787600000, 0x0000000787700000|  0%| F|  |TAMS 0x0000000787600000, 0x0000000787600000| Untracked 
| 119|0x0000000787700000, 0x0000000787700000, 0x0000000787800000|  0%| F|  |TAMS 0x0000000787700000, 0x0000000787700000| Untracked 
| 120|0x0000000787800000, 0x0000000787800000, 0x0000000787900000|  0%| F|  |TAMS 0x0000000787800000, 0x0000000787800000| Untracked 
| 121|0x0000000787900000, 0x0000000787900000, 0x0000000787a00000|  0%| F|  |TAMS 0x0000000787900000, 0x0000000787900000| Untracked 
| 122|0x0000000787a00000, 0x0000000787a00000, 0x0000000787b00000|  0%| F|  |TAMS 0x0000000787a00000, 0x0000000787a00000| Untracked 
| 123|0x0000000787b00000, 0x0000000787b00000, 0x0000000787c00000|  0%| F|  |TAMS 0x0000000787b00000, 0x0000000787b00000| Untracked 
| 124|0x0000000787c00000, 0x0000000787c00000, 0x0000000787d00000|  0%| F|  |TAMS 0x0000000787c00000, 0x0000000787c00000| Untracked 
| 125|0x0000000787d00000, 0x0000000787d00000, 0x0000000787e00000|  0%| F|  |TAMS 0x0000000787d00000, 0x0000000787d00000| Untracked 
| 126|0x0000000787e00000, 0x0000000787e00000, 0x0000000787f00000|  0%| F|  |TAMS 0x0000000787e00000, 0x0000000787e00000| Untracked 
| 127|0x0000000787f00000, 0x0000000787fc7b60, 0x0000000788000000| 78%| E|  |TAMS 0x0000000787f00000, 0x0000000787f00000| Complete 
|1022|0x00000007bfe00000, 0x00000007bfe51000, 0x00000007bff00000| 31%|OA|  |TAMS 0x00000007bfe00000, 0x00000007bfe00000| Untracked 
|1023|0x00000007bff00000, 0x00000007bff79000, 0x00000007c0000000| 47%|CA|  |TAMS 0x00000007bff00000, 0x00000007bff00000| Untracked 

Card table byte_map: [0x00000001103bd000,0x00000001107bd000] _byte_map_base: 0x000000010c7bd000

Marking Bits (Prev, Next): (CMBitMap*) 0x00007fadfe825a10, (CMBitMap*) 0x00007fadfe825a50
 Prev Bits: [0x000000012a103000, 0x000000012c103000)
 Next Bits: [0x000000012c103000, 0x000000012e103000)

Polling page: 0x000000010fd66000

Metaspace:

Usage:
  Non-class:      4.07 MB capacity,   672.49 KB ( 16%) used,     3.41 MB ( 84%) free+waste,   192 bytes ( <1%) overhead. 
      Class:    420.00 KB capacity,    78.62 KB ( 19%) used,   341.13 KB ( 81%) free+waste,   256 bytes ( <1%) overhead. 
       Both:      4.48 MB capacity,   751.11 KB ( 16%) used,     3.74 MB ( 84%) free+waste,   448 bytes ( <1%) overhead. 

Virtual space:
  Non-class space:        8.00 MB reserved,       4.25 MB ( 53%) committed 
      Class space:        1.00 GB reserved,     512.00 KB ( <1%) committed 
             Both:        1.01 GB reserved,       4.75 MB ( <1%) committed 

Chunk freelists:
   Non-Class:  44.00 KB
       Class:  12.00 KB
        Both:  56.00 KB

MaxMetaspaceSize: 17179869184.00 GB
CompressedClassSpaceSize: 1.00 GB

CodeHeap 'non-profiled nmethods': size=120032Kb used=13Kb max_used=13Kb free=120018Kb
 bounds [0x0000000122bcb000, 0x0000000122e3b000, 0x000000012a103000]
CodeHeap 'profiled nmethods': size=120028Kb used=51Kb max_used=51Kb free=119976Kb
 bounds [0x000000011b694000, 0x000000011b904000, 0x0000000122bcb000]
CodeHeap 'non-nmethods': size=5700Kb used=1043Kb max_used=1053Kb free=4657Kb
 bounds [0x000000011b103000, 0x000000011b373000, 0x000000011b694000]
 total_blobs=311 nmethods=44 adapters=181
 compilation: enabled
              stopped_count=0, restarted_count=0
 full_count=0

Compilation events (20 events):
Event: 0.275 Thread 0x00007fadff016600   33       1       java.lang.module.ModuleDescriptor::isOpen (5 bytes)
Event: 0.276 Thread 0x00007fadff016600 nmethod 33 0x0000000122bcd810 code [0x0000000122bcd9a0, 0x0000000122bcda50]
Event: 0.276 Thread 0x00007fadff016600   36       1       java.lang.Module::getDescriptor (5 bytes)
Event: 0.276 Thread 0x00007fadff016600 nmethod 36 0x0000000122bcdb10 code [0x0000000122bcdca0, 0x0000000122bcdd50]
Event: 0.276 Thread 0x00007fadff016600   32       1       java.util.ImmutableCollections$Set12::isEmpty (2 bytes)
Event: 0.276 Thread 0x00007fadff016600 nmethod 32 0x0000000122bcde10 code [0x0000000122bcdfa0, 0x0000000122bce050]
Event: 0.289 Thread 0x00007fadff016600   37       3       java.lang.String::equals (50 bytes)
Event: 0.289 Thread 0x00007fadff016600 nmethod 37 0x000000011b69ed10 code [0x000000011b69eec0, 0x000000011b69f2e0]
Event: 0.307 Thread 0x00007fadff016600   38       3       java.lang.String::coder (15 bytes)
Event: 0.307 Thread 0x00007fadff016600 nmethod 38 0x000000011b69f410 code [0x000000011b69f5a0, 0x000000011b69f6d0]
Event: 0.311 Thread 0x00007fadff016600   39       3       java.lang.String::isLatin1 (19 bytes)
Event: 0.311 Thread 0x00007fadff016600 nmethod 39 0x000000011b69f790 code [0x000000011b69f920, 0x000000011b69fa90]
Event: 0.322 Thread 0x00007fadff016600   40       3       java.lang.String::length (11 bytes)
Event: 0.322 Thread 0x00007fadff016600 nmethod 40 0x000000011b69fb10 code [0x000000011b69fca0, 0x000000011b69fe30]
Event: 0.347 Thread 0x00007fadff016600   41       3       java.lang.String::charAt (25 bytes)
Event: 0.348 Thread 0x00007fadff016600 nmethod 41 0x000000011b69ff10 code [0x000000011b6a00e0, 0x000000011b6a0490]
Event: 0.348 Thread 0x00007fadff016600   42       3       java.lang.StringLatin1::charAt (28 bytes)
Event: 0.348 Thread 0x00007fadff016600 nmethod 42 0x000000011b6a0610 code [0x000000011b6a07c0, 0x000000011b6a09a0]
Event: 0.378 Thread 0x00007fadff016600   44       3       java.lang.Math::min (11 bytes)
Event: 0.379 Thread 0x00007fadff016600 nmethod 44 0x000000011b6a0a90 code [0x000000011b6a0c20, 0x000000011b6a0d50]

GC Heap History (0 events):
No events

Deoptimization events (0 events):
No events

Classes unloaded (0 events):
No events

Classes redefined (0 events):
No events

Internal exceptions (0 events):
No events

Events (20 events):
Event: 0.373 loading class java/awt/FocusTraversalPolicy
Event: 0.373 loading class java/awt/FocusTraversalPolicy done
Event: 0.381 loading class java/lang/InterruptedException
Event: 0.381 loading class java/lang/InterruptedException done
Event: 0.381 loading class java/awt/Font
Event: 0.381 loading class java/awt/Font done
Event: 0.381 loading class java/awt/event/MouseEvent
Event: 0.381 loading class java/awt/event/InputEvent
Event: 0.382 loading class java/awt/event/ComponentEvent
Event: 0.382 loading class java/awt/AWTEvent
Event: 0.382 loading class java/util/EventObject
Event: 0.382 loading class java/util/EventObject done
Event: 0.382 loading class java/awt/AWTEvent done
Event: 0.382 loading class java/awt/event/ComponentEvent done
Event: 0.382 loading class java/awt/event/InputEvent done
Event: 0.382 loading class java/awt/event/MouseEvent done
Event: 0.382 loading class java/awt/event/ActionEvent
Event: 0.382 loading class java/awt/event/ActionEvent done
Event: 0.382 loading class java/lang/Class$EnclosingMethodInfo
Event: 0.382 loading class java/lang/Class$EnclosingMethodInfo done


Dynamic libraries:
0x00007fff2a779000 	/usr/lib/libz.1.dylib
0x000000010ed78000 	/Library/Java/JavaVirtualMachines/jdk-15.0.1.jdk/Contents/Home/lib/libjli.dylib
0x00007fff352cb000 	/System/Library/Frameworks/Cocoa.framework/Versions/A/Cocoa
0x00007fff224f0000 	/System/Library/Frameworks/Security.framework/Versions/A/Security
0x00007fff334c8000 	/System/Library/Frameworks/ApplicationServices.framework/Versions/A/ApplicationServices
0x00007fff2a841000 	/usr/lib/libSystem.B.dylib
0x00007fff2a83b000 	/usr/lib/system/libcache.dylib
0x00007fff2a7f7000 	/usr/lib/system/libcommonCrypto.dylib
0x00007fff2a821000 	/usr/lib/system/libcompiler_rt.dylib
0x00007fff2a816000 	/usr/lib/system/libcopyfile.dylib
0x00007fff203c4000 	/usr/lib/system/libcorecrypto.dylib
0x00007fff20491000 	/usr/lib/system/libdispatch.dylib
0x00007fff20645000 	/usr/lib/system/libdyld.dylib
0x00007fff2a832000 	/usr/lib/system/libkeymgr.dylib
0x00007fff2dc7a000 	/usr/lib/system/liblaunch.dylib
0x00007fff2a7d5000 	/usr/lib/system/libmacho.dylib
0x00007fff29fef000 	/usr/lib/system/libquarantine.dylib
0x00007fff2a82f000 	/usr/lib/system/libremovefile.dylib
0x00007fff24e87000 	/usr/lib/system/libsystem_asl.dylib
0x00007fff20374000 	/usr/lib/system/libsystem_blocks.dylib
0x00007fff20512000 	/usr/lib/system/libsystem_c.dylib
0x00007fff2a829000 	/usr/lib/system/libsystem_collections.dylib
0x00007fff292e3000 	/usr/lib/system/libsystem_configuration.dylib
0x00007fff285d6000 	/usr/lib/system/libsystem_containermanager.dylib
0x00007fff2a571000 	/usr/lib/system/libsystem_coreservices.dylib
0x00007fff22aa4000 	/usr/lib/system/libsystem_darwin.dylib
0x00007fff2a833000 	/usr/lib/system/libsystem_dnssd.dylib
0x00007fff2050f000 	/usr/lib/system/libsystem_featureflags.dylib
0x00007fff2068a000 	/usr/lib/system/libsystem_info.dylib
0x00007fff2a78c000 	/usr/lib/system/libsystem_m.dylib
0x00007fff20464000 	/usr/lib/system/libsystem_malloc.dylib
0x00007fff24e1b000 	/usr/lib/system/libsystem_networkextension.dylib
0x00007fff22ebf000 	/usr/lib/system/libsystem_notify.dylib
0x00007fff3012e000 	/usr/lib/system/libsystem_product_info_filter.dylib
0x00007fff292e7000 	/usr/lib/system/libsystem_sandbox.dylib
0x00007fff2a82c000 	/usr/lib/system/libsystem_secinit.dylib
0x00007fff2060a000 	/usr/lib/system/libsystem_kernel.dylib
0x00007fff20680000 	/usr/lib/system/libsystem_platform.dylib
0x00007fff20639000 	/usr/lib/system/libsystem_pthread.dylib
0x00007fff26586000 	/usr/lib/system/libsystem_symptoms.dylib
0x00007fff203ac000 	/usr/lib/system/libsystem_trace.dylib
0x00007fff2a803000 	/usr/lib/system/libunwind.dylib
0x00007fff20376000 	/usr/lib/system/libxpc.dylib
0x00007fff205f1000 	/usr/lib/libc++abi.dylib
0x00007fff204d6000 	/usr/lib/libobjc.A.dylib
0x00007fff2a80e000 	/usr/lib/liboah.dylib
0x00007fff2059b000 	/usr/lib/libc++.1.dylib
0x00007fff206b6000 	/System/Library/Frameworks/CoreFoundation.framework/Versions/A/CoreFoundation
0x00007fff21463000 	/System/Library/Frameworks/Foundation.framework/Versions/C/Foundation
0x00007fff22f17000 	/System/Library/Frameworks/AppKit.framework/Versions/C/AppKit
0x00007fff25daf000 	/System/Library/Frameworks/CoreData.framework/Versions/A/CoreData
0x00007fff23c7a000 	/System/Library/PrivateFrameworks/UIFoundation.framework/Versions/A/UIFoundation
0x00007fff2fea7000 	/System/Library/PrivateFrameworks/RemoteViewServices.framework/Versions/A/RemoteViewServices
0x00007fff28ca0000 	/System/Library/PrivateFrameworks/XCTTargetBootstrap.framework/Versions/A/XCTTargetBootstrap
0x00007fff2b981000 	/usr/lib/libspindump.dylib
0x00007fff23ecf000 	/System/Library/Frameworks/UniformTypeIdentifiers.framework/Versions/A/UniformTypeIdentifiers
0x00007fff27476000 	/usr/lib/libapp_launch_measurement.dylib
0x00007fff27479000 	/System/Library/PrivateFrameworks/CoreAutoLayout.framework/Versions/A/CoreAutoLayout
0x00007fff28602000 	/System/Library/Frameworks/Metal.framework/Versions/A/Metal
0x00007fff292f2000 	/usr/lib/liblangid.dylib
0x00007fff28ca4000 	/System/Library/PrivateFrameworks/CoreSVG.framework/Versions/A/CoreSVG
0x00007fff24eb6000 	/System/Library/PrivateFrameworks/SkyLight.framework/Versions/A/SkyLight
0x00007fff2521d000 	/System/Library/Frameworks/CoreGraphics.framework/Versions/A/CoreGraphics
0x00007fff304fe000 	/System/Library/Frameworks/Accelerate.framework/Versions/A/Accelerate
0x00007fff2b3bc000 	/System/Library/PrivateFrameworks/IconServices.framework/Versions/A/IconServices
0x00007fff285e7000 	/System/Library/Frameworks/IOSurface.framework/Versions/A/IOSurface
0x00007fff26738000 	/usr/lib/libDiagnosticMessagesClient.dylib
0x00007fff28c8c000 	/System/Library/PrivateFrameworks/DFRFoundation.framework/Versions/A/DFRFoundation
0x00007fff22842000 	/usr/lib/libicucore.A.dylib
0x00007fff2cec8000 	/System/Library/Frameworks/AudioToolbox.framework/Versions/A/AudioToolbox
0x00007fff2c16d000 	/System/Library/PrivateFrameworks/DataDetectorsCore.framework/Versions/A/DataDetectorsCore
0x00007fff2898c000 	/System/Library/Frameworks/Carbon.framework/Versions/A/Frameworks/HIToolbox.framework/Versions/A/HIToolbox
0x00007fff26ed1000 	/System/Library/Frameworks/QuartzCore.framework/Versions/A/QuartzCore
0x00007fff2fee3000 	/System/Library/Frameworks/Carbon.framework/Versions/A/Frameworks/SpeechRecognition.framework/Versions/A/SpeechRecognition
0x00007fff271de000 	/System/Library/PrivateFrameworks/CoreUI.framework/Versions/A/CoreUI
0x00007fff21e4b000 	/System/Library/Frameworks/CoreAudio.framework/Versions/A/CoreAudio
0x00007fff26823000 	/System/Library/Frameworks/DiskArbitration.framework/Versions/A/DiskArbitration
0x00007fff2bd7c000 	/System/Library/PrivateFrameworks/MultitouchSupport.framework/Versions/A/MultitouchSupport
0x00007fff2c164000 	/System/Library/PrivateFrameworks/InternationalSupport.framework/Versions/A/InternationalSupport
0x00007fff24e2a000 	/usr/lib/libenergytrace.dylib
0x00007fff22e10000 	/System/Library/Frameworks/IOKit.framework/Versions/A/IOKit
0x00007fff30230000 	/System/Library/Frameworks/CoreServices.framework/Versions/A/CoreServices
0x00007fff2740c000 	/System/Library/PrivateFrameworks/PerformanceAnalysis.framework/Versions/A/PerformanceAnalysis
0x00007fff6cb99000 	/System/Library/Frameworks/OpenGL.framework/Versions/A/OpenGL
0x00007fff2c1e9000 	/System/Library/PrivateFrameworks/UserActivity.framework/Versions/A/UserActivity
0x00007fff258b1000 	/System/Library/Frameworks/ColorSync.framework/Versions/A/ColorSync
0x00007fff28f09000 	/System/Library/Frameworks/CoreImage.framework/Versions/A/CoreImage
0x00007fff21c62000 	/System/Library/Frameworks/CoreText.framework/Versions/A/CoreText
0x00007fff28cce000 	/System/Library/Frameworks/ImageIO.framework/Versions/A/ImageIO
0x00007fff2a847000 	/System/Library/PrivateFrameworks/SoftLinking.framework/Versions/A/SoftLinking
0x00007fff274c2000 	/usr/lib/libxml2.2.dylib
0x00007fff2aab9000 	/usr/lib/libcompression.dylib
0x00007fff24e2b000 	/usr/lib/libMobileGestalt.dylib
0x00007fff2c097000 	/System/Library/PrivateFrameworks/TextureIO.framework/Versions/A/TextureIO
0x00007fff2b0df000 	/usr/lib/libate.dylib
0x00007fff2aec4000 	/usr/lib/liblzma.5.dylib
0x00007fff21177000 	/System/Library/Frameworks/SystemConfiguration.framework/Versions/A/SystemConfiguration
0x00007fff2a843000 	/usr/lib/libfakelink.dylib
0x00007fff2497d000 	/System/Library/Frameworks/CFNetwork.framework/Versions/A/CFNetwork
0x00007fff2a983000 	/usr/lib/libarchive.2.dylib
0x00007fff211f5000 	/usr/lib/libCRFSuite.dylib
0x00007fff2a016000 	/usr/lib/libbsm.0.dylib
0x00007fff24339000 	/usr/lib/libnetwork.dylib
0x00007fff2a848000 	/usr/lib/libpcap.A.dylib
0x00007fff2657f000 	/usr/lib/libdns_services.dylib
0x00007fff2aedd000 	/usr/lib/libcoretls_cfhelpers.dylib
0x00007fff2aa87000 	/usr/lib/libapple_nghttp2.dylib
0x00007fff2a7db000 	/usr/lib/system/libkxld.dylib
0x00007fff261e5000 	/usr/lib/libsqlite3.dylib
0x00007fff2a553000 	/System/Library/PrivateFrameworks/AppleFSCompression.framework/Versions/A/AppleFSCompression
0x00007fff29ffe000 	/usr/lib/libcoretls.dylib
0x00007fff2aab4000 	/usr/lib/libpam.2.dylib
0x00007fff2afda000 	/usr/lib/libxar.1.dylib
0x00007fff292ee000 	/System/Library/PrivateFrameworks/AppleSystemInfo.framework/Versions/A/AppleSystemInfo
0x00007fff29c41000 	/System/Library/PrivateFrameworks/IOMobileFramebuffer.framework/Versions/A/IOMobileFramebuffer
0x00007fff2a563000 	/usr/lib/libbz2.1.0.dylib
0x00007fff2a880000 	/usr/lib/libiconv.2.dylib
0x00007fff2a7d4000 	/usr/lib/libcharset.1.dylib
0x00007fff27448000 	/System/Library/Frameworks/CoreServices.framework/Versions/A/Frameworks/FSEvents.framework/Versions/A/FSEvents
0x00007fff22aae000 	/System/Library/Frameworks/CoreServices.framework/Versions/A/Frameworks/CarbonCore.framework/Versions/A/CarbonCore
0x00007fff26788000 	/System/Library/Frameworks/CoreServices.framework/Versions/A/Frameworks/Metadata.framework/Versions/A/Metadata
0x00007fff2a576000 	/System/Library/Frameworks/CoreServices.framework/Versions/A/Frameworks/OSServices.framework/Versions/A/OSServices
0x00007fff2a9f5000 	/System/Library/Frameworks/CoreServices.framework/Versions/A/Frameworks/SearchKit.framework/Versions/A/SearchKit
0x00007fff26509000 	/System/Library/Frameworks/CoreServices.framework/Versions/A/Frameworks/AE.framework/Versions/A/AE
0x00007fff20b52000 	/System/Library/Frameworks/CoreServices.framework/Versions/A/Frameworks/LaunchServices.framework/Versions/A/LaunchServices
0x00007fff2ae75000 	/System/Library/Frameworks/CoreServices.framework/Versions/A/Frameworks/DictionaryServices.framework/Versions/A/DictionaryServices
0x00007fff27451000 	/System/Library/Frameworks/CoreServices.framework/Versions/A/Frameworks/SharedFileList.framework/Versions/A/SharedFileList
0x00007fff29ff2000 	/usr/lib/libCheckFix.dylib
0x00007fff24e9e000 	/System/Library/PrivateFrameworks/TCC.framework/Versions/A/TCC
0x00007fff292f4000 	/System/Library/PrivateFrameworks/CoreNLP.framework/Versions/A/CoreNLP
0x00007fff2673b000 	/System/Library/PrivateFrameworks/MetadataUtilities.framework/Versions/A/MetadataUtilities
0x00007fff2122b000 	/usr/lib/libmecabra.dylib
0x00007fff2a305000 	/System/Library/Frameworks/MLCompute.framework/Versions/A/MLCompute
0x00007fff2a027000 	/usr/lib/libmecab.dylib
0x00007fff2a071000 	/usr/lib/libgermantok.dylib
0x00007fff2aa5d000 	/usr/lib/libThaiTokenizer.dylib
0x00007fff2b015000 	/usr/lib/libChineseTokenizer.dylib
0x00007fff2aab2000 	/System/Library/Frameworks/MetalPerformanceShaders.framework/Versions/A/MetalPerformanceShaders
0x00007fff2682a000 	/System/Library/Frameworks/Accelerate.framework/Versions/A/Frameworks/vImage.framework/Versions/A/vImage
0x00007fff30209000 	/System/Library/Frameworks/Accelerate.framework/Versions/A/Frameworks/vecLib.framework/Versions/A/vecLib
0x00007fff2b020000 	/System/Library/Frameworks/Accelerate.framework/Versions/A/Frameworks/vecLib.framework/Versions/A/libvMisc.dylib
0x00007fff29a5a000 	/System/Library/Frameworks/Accelerate.framework/Versions/A/Frameworks/vecLib.framework/Versions/A/libvDSP.dylib
0x00007fff20e56000 	/System/Library/Frameworks/Accelerate.framework/Versions/A/Frameworks/vecLib.framework/Versions/A/libBLAS.dylib
0x00007fff2aad8000 	/System/Library/Frameworks/Accelerate.framework/Versions/A/Frameworks/vecLib.framework/Versions/A/libLAPACK.dylib
0x00007fff2a077000 	/System/Library/Frameworks/Accelerate.framework/Versions/A/Frameworks/vecLib.framework/Versions/A/libLinearAlgebra.dylib
0x00007fff2aa9f000 	/System/Library/Frameworks/Accelerate.framework/Versions/A/Frameworks/vecLib.framework/Versions/A/libSparseBLAS.dylib
0x00007fff2aad2000 	/System/Library/Frameworks/Accelerate.framework/Versions/A/Frameworks/vecLib.framework/Versions/A/libQuadrature.dylib
0x00007fff2939c000 	/System/Library/Frameworks/Accelerate.framework/Versions/A/Frameworks/vecLib.framework/Versions/A/libBNNS.dylib
0x00007fff21108000 	/System/Library/Frameworks/Accelerate.framework/Versions/A/Frameworks/vecLib.framework/Versions/A/libSparse.dylib
0x00007fff29287000 	/System/Library/Frameworks/MetalPerformanceShaders.framework/Versions/A/Frameworks/MPSCore.framework/Versions/A/MPSCore
0x00007fff2a4c2000 	/System/Library/Frameworks/MetalPerformanceShaders.framework/Versions/A/Frameworks/MPSImage.framework/Versions/A/MPSImage
0x00007fff2a08d000 	/System/Library/Frameworks/MetalPerformanceShaders.framework/Versions/A/Frameworks/MPSNeuralNetwork.framework/Versions/A/MPSNeuralNetwork
0x00007fff2a44d000 	/System/Library/Frameworks/MetalPerformanceShaders.framework/Versions/A/Frameworks/MPSMatrix.framework/Versions/A/MPSMatrix
0x00007fff2a2b5000 	/System/Library/Frameworks/MetalPerformanceShaders.framework/Versions/A/Frameworks/MPSRayIntersector.framework/Versions/A/MPSRayIntersector
0x00007fff2a484000 	/System/Library/Frameworks/MetalPerformanceShaders.framework/Versions/A/Frameworks/MPSNDArray.framework/Versions/A/MPSNDArray
0x00007fff20d82000 	/System/Library/PrivateFrameworks/MetalTools.framework/Versions/A/MetalTools
0x00007fff292ec000 	/System/Library/PrivateFrameworks/AggregateDictionary.framework/Versions/A/AggregateDictionary
0x00007fff26713000 	/System/Library/PrivateFrameworks/CoreAnalytics.framework/Versions/A/CoreAnalytics
0x00007fff2aa5f000 	/System/Library/PrivateFrameworks/AppleSauce.framework/Versions/A/AppleSauce
0x00007fff285f9000 	/System/Library/PrivateFrameworks/IOAccelerator.framework/Versions/A/IOAccelerator
0x00007fff6cb8d000 	/System/Library/Frameworks/OpenGL.framework/Versions/A/Libraries/libCoreFSCache.dylib
0x00007fff217c7000 	/System/Library/PrivateFrameworks/LanguageModeling.framework/Versions/A/LanguageModeling
0x00007fff29c2e000 	/System/Library/PrivateFrameworks/CoreEmoji.framework/Versions/A/CoreEmoji
0x00007fff29395000 	/System/Library/PrivateFrameworks/LinguisticData.framework/Versions/A/LinguisticData
0x00007fff210ba000 	/System/Library/PrivateFrameworks/Lexicon.framework/Versions/A/Lexicon
0x00007fff2a971000 	/usr/lib/libcmph.dylib
0x00007fff27428000 	/System/Library/Frameworks/OpenDirectory.framework/Versions/A/Frameworks/CFOpenDirectory.framework/Versions/A/CFOpenDirectory
0x00007fff27418000 	/System/Library/Frameworks/OpenDirectory.framework/Versions/A/OpenDirectory
0x00007fff2aedf000 	/System/Library/PrivateFrameworks/APFS.framework/Versions/A/APFS
0x00007fff29f53000 	/System/Library/Frameworks/SecurityFoundation.framework/Versions/A/SecurityFoundation
0x00007fff2afe8000 	/usr/lib/libutil.dylib
0x00007fff22dd5000 	/System/Library/PrivateFrameworks/CoreServicesStore.framework/Versions/A/CoreServicesStore
0x00007fff29fea000 	/System/Library/Frameworks/ServiceManagement.framework/Versions/A/ServiceManagement
0x00007fff2afec000 	/usr/lib/libxslt.1.dylib
0x00007fff29fe0000 	/System/Library/PrivateFrameworks/BackgroundTaskManagement.framework/Versions/A/BackgroundTaskManagement
0x00007fff2bfe1000 	/System/Library/Frameworks/ImageIO.framework/Versions/A/Resources/libRadiance.dylib
0x00007fff2bfeb000 	/System/Library/Frameworks/ImageIO.framework/Versions/A/Resources/libJPEG.dylib
0x00007fff2bf36000 	/System/Library/Frameworks/ImageIO.framework/Versions/A/Resources/libPng.dylib
0x00007fff2bf5d000 	/System/Library/Frameworks/ImageIO.framework/Versions/A/Resources/libTIFF.dylib
0x00007fff2c040000 	/System/Library/Frameworks/ImageIO.framework/Versions/A/Resources/libGIF.dylib
0x00007fff2bc99000 	/System/Library/Frameworks/ImageIO.framework/Versions/A/Resources/libJP2.dylib
0x00007fff2b383000 	/usr/lib/libexpat.1.dylib
0x00007fff2bc4e000 	/System/Library/PrivateFrameworks/AppleJPEG.framework/Versions/A/AppleJPEG
0x00007fff2882f000 	/System/Library/PrivateFrameworks/FontServices.framework/libFontParser.dylib
0x00007fff264bd000 	/System/Library/PrivateFrameworks/RunningBoardServices.framework/Versions/A/RunningBoardServices
0x00007fff2bd78000 	/System/Library/PrivateFrameworks/WatchdogClient.framework/Versions/A/WatchdogClient
0x00007fff218b4000 	/System/Library/Frameworks/CoreDisplay.framework/Versions/A/CoreDisplay
0x00007fff28745000 	/System/Library/Frameworks/CoreMedia.framework/Versions/A/CoreMedia
0x00007fff275a5000 	/System/Library/Frameworks/CoreVideo.framework/Versions/A/CoreVideo
0x00007fff2bdb0000 	/System/Library/Frameworks/VideoToolbox.framework/Versions/A/VideoToolbox
0x00007fff2643b000 	/System/Library/PrivateFrameworks/BaseBoard.framework/Versions/A/BaseBoard
0x00007fff2b4c8000 	/System/Library/PrivateFrameworks/PersistentConnection.framework/Versions/A/PersistentConnection
0x00007fff261ce000 	/System/Library/PrivateFrameworks/ProtocolBuffer.framework/Versions/A/ProtocolBuffer
0x00007fff26422000 	/System/Library/PrivateFrameworks/CommonUtilities.framework/Versions/A/CommonUtilities
0x00007fff2bbe3000 	/System/Library/PrivateFrameworks/Bom.framework/Versions/A/Bom
0x00007fff2bfda000 	/System/Library/PrivateFrameworks/GPUWrangler.framework/Versions/A/GPUWrangler
0x00007fff2bfbd000 	/System/Library/PrivateFrameworks/IOPresentment.framework/Versions/A/IOPresentment
0x00007fff2bfe5000 	/System/Library/PrivateFrameworks/DSExternalDisplay.framework/Versions/A/DSExternalDisplay
0x00007fff2c045000 	/System/Library/PrivateFrameworks/CMCaptureCore.framework/Versions/A/CMCaptureCore
0x00007fff2b968000 	/System/Library/PrivateFrameworks/AppServerSupport.framework/Versions/A/AppServerSupport
0x00007fff2da19000 	/System/Library/PrivateFrameworks/perfdata.framework/Versions/A/perfdata
0x00007fff29f42000 	/System/Library/PrivateFrameworks/AssertionServices.framework/Versions/A/AssertionServices
0x00007fff219eb000 	/System/Library/PrivateFrameworks/AudioToolboxCore.framework/Versions/A/AudioToolboxCore
0x00007fff28728000 	/System/Library/PrivateFrameworks/caulk.framework/Versions/A/caulk
0x00007fff3d6c4000 	/System/Library/PrivateFrameworks/SystemPolicy.framework/Versions/A/SystemPolicy
0x00007fff2b178000 	/usr/lib/libIOReport.dylib
0x00007fff2d23b000 	/usr/lib/libSMC.dylib
0x00007fff2bf03000 	/usr/lib/libAudioToolboxUtility.dylib
0x00007fff3e02e000 	/usr/lib/libmis.dylib
0x00007fff6cbe9000 	/System/Library/Frameworks/OpenGL.framework/Versions/A/Libraries/libGLU.dylib
0x00007fff6cbac000 	/System/Library/Frameworks/OpenGL.framework/Versions/A/Libraries/libGFXShared.dylib
0x00007fff6cdbb000 	/System/Library/Frameworks/OpenGL.framework/Versions/A/Libraries/libGL.dylib
0x00007fff6cbb5000 	/System/Library/Frameworks/OpenGL.framework/Versions/A/Libraries/libGLImage.dylib
0x00007fff6cba9000 	/System/Library/Frameworks/OpenGL.framework/Versions/A/Libraries/libCVMSPluginSupport.dylib
0x00007fff6cb94000 	/System/Library/Frameworks/OpenGL.framework/Versions/A/Libraries/libCoreVMClient.dylib
0x00007fff6e1fc000 	/System/Library/Frameworks/OpenCL.framework/Versions/A/OpenCL
0x00007fff2b4f2000 	/System/Library/PrivateFrameworks/GraphVisualizer.framework/Versions/A/GraphVisualizer
0x00007fff2b501000 	/System/Library/PrivateFrameworks/FaceCore.framework/Versions/A/FaceCore
0x00007fff2b91d000 	/System/Library/PrivateFrameworks/OTSVG.framework/Versions/A/OTSVG
0x00007fff2719c000 	/System/Library/Frameworks/ApplicationServices.framework/Versions/A/Frameworks/ATS.framework/Versions/A/Resources/libFontRegistry.dylib
0x00007fff2b96f000 	/System/Library/PrivateFrameworks/FontServices.framework/libhvf.dylib
0x00007fff2b32f000 	/System/Library/PrivateFrameworks/AppleVA.framework/Versions/A/AppleVA
0x00007fff2d084000 	/System/Library/Frameworks/ApplicationServices.framework/Versions/A/Frameworks/ATS.framework/Versions/A/ATS
0x00007fff2d396000 	/System/Library/Frameworks/ApplicationServices.framework/Versions/A/Frameworks/ColorSyncLegacy.framework/Versions/A/ColorSyncLegacy
0x00007fff259a8000 	/System/Library/Frameworks/ApplicationServices.framework/Versions/A/Frameworks/HIServices.framework/Versions/A/HIServices
0x00007fff2d37b000 	/System/Library/Frameworks/ApplicationServices.framework/Versions/A/Frameworks/LangAnalysis.framework/Versions/A/LangAnalysis
0x00007fff2c04f000 	/System/Library/Frameworks/ApplicationServices.framework/Versions/A/Frameworks/PrintCore.framework/Versions/A/PrintCore
0x00007fff2d39e000 	/System/Library/Frameworks/ApplicationServices.framework/Versions/A/Frameworks/QD.framework/Versions/A/QD
0x00007fff2d074000 	/System/Library/Frameworks/ApplicationServices.framework/Versions/A/Frameworks/SpeechSynthesis.framework/Versions/A/SpeechSynthesis
0x00007fff2c010000 	/System/Library/Frameworks/ApplicationServices.framework/Versions/A/Frameworks/ATSUI.framework/Versions/A/ATSUI
0x00007fff2d31b000 	/usr/lib/libcups.2.dylib
0x00007fff2d38b000 	/System/Library/PrivateFrameworks/NetAuth.framework/Versions/A/NetAuth
0x00007fff2da35000 	/System/Library/Frameworks/Kerberos.framework/Versions/A/Kerberos
0x00007fff2da45000 	/System/Library/Frameworks/GSS.framework/Versions/A/GSS
0x00007fff2d0f0000 	/usr/lib/libresolv.9.dylib
0x00007fff2b984000 	/System/Library/PrivateFrameworks/Heimdal.framework/Versions/A/Heimdal
0x00007fff337c9000 	/System/Library/Frameworks/Kerberos.framework/Versions/A/Libraries/libHeimdalProxy.dylib
0x00007fff2658e000 	/System/Library/Frameworks/Network.framework/Versions/A/Network
0x00007fff2b39d000 	/usr/lib/libheimdal-asn1.dylib
0x00007fff2da95000 	/System/Library/PrivateFrameworks/CommonAuth.framework/Versions/A/CommonAuth
0x00007fff275f2000 	/System/Library/PrivateFrameworks/login.framework/Versions/A/Frameworks/loginsupport.framework/Versions/A/loginsupport
0x00007fff2cff9000 	/System/Library/PrivateFrameworks/AudioSession.framework/Versions/A/AudioSession
0x00007fff2d061000 	/usr/lib/libAudioStatistics.dylib
0x00007fff2b42a000 	/System/Library/PrivateFrameworks/MediaExperience.framework/Versions/A/MediaExperience
0x00007fff2ce96000 	/System/Library/PrivateFrameworks/AudioSession.framework/libSessionUtility.dylib
0x00007fff2da26000 	/usr/lib/libperfcheck.dylib
0x00007fff2d3aa000 	/System/Library/PrivateFrameworks/AudioResourceArbitration.framework/Versions/A/AudioResourceArbitration
0x00007fff2b3a7000 	/System/Library/PrivateFrameworks/IconFoundation.framework/Versions/A/IconFoundation
0x00007fff2fed3000 	/System/Library/PrivateFrameworks/SpeechRecognitionCore.framework/Versions/A/SpeechRecognitionCore
0x000000010ed9e000 	/Library/Java/JavaVirtualMachines/jdk-15.0.1.jdk/Contents/Home/lib/server/libjvm.dylib
0x000000010fd5a000 	/Library/Java/JavaVirtualMachines/jdk-15.0.1.jdk/Contents/Home/lib/libjimage.dylib
0x000000010fdb0000 	/Library/Java/JavaVirtualMachines/jdk-15.0.1.jdk/Contents/Home/lib/libjava.dylib


VM Arguments:
jvm_args: -Dfile.encoding=UTF-8 -XX:+ShowCodeDetailsInExceptionMessages 
java_command: FlexiblePictureExplorer$8
java_class_path (initial): /Users/daeyong/main_workspace/Picture_Project/bin
Launcher Type: SUN_STANDARD

[Global flags]
     intx CICompilerCount                          = 3                                         {product} {ergonomic}
     uint ConcGCThreads                            = 1                                         {product} {ergonomic}
     uint G1ConcRefinementThreads                  = 4                                         {product} {ergonomic}
   size_t G1HeapRegionSize                         = 1048576                                   {product} {ergonomic}
    uintx GCDrainStackTargetSize                   = 64                                        {product} {ergonomic}
   size_t InitialHeapSize                          = 134217728                                 {product} {ergonomic}
   size_t MarkStackSize                            = 4194304                                   {product} {ergonomic}
   size_t MaxHeapSize                              = 2147483648                                {product} {ergonomic}
   size_t MaxNewSize                               = 1287651328                                {product} {ergonomic}
   size_t MinHeapDeltaBytes                        = 1048576                                   {product} {ergonomic}
   size_t MinHeapSize                              = 8388608                                   {product} {ergonomic}
    uintx NonNMethodCodeHeapSize                   = 5832780                                {pd product} {ergonomic}
    uintx NonProfiledCodeHeapSize                  = 122912730                              {pd product} {ergonomic}
    uintx ProfiledCodeHeapSize                     = 122912730                              {pd product} {ergonomic}
    uintx ReservedCodeCacheSize                    = 251658240                              {pd product} {ergonomic}
     bool SegmentedCodeCache                       = true                                      {product} {ergonomic}
     bool ShowCodeDetailsInExceptionMessages       = true                                   {manageable} {command line}
   size_t SoftMaxHeapSize                          = 2147483648                             {manageable} {ergonomic}
     bool UseCompressedClassPointers               = true                                 {lp64_product} {ergonomic}
     bool UseCompressedOops                        = true                                 {lp64_product} {ergonomic}
     bool UseG1GC                                  = true                                      {product} {ergonomic}
     bool UseNUMA                                  = false                                     {product} {ergonomic}
     bool UseNUMAInterleaving                      = false                                     {product} {ergonomic}

Logging:
Log output configuration:
 #0: stdout all=warning uptime,level,tags
 #1: stderr all=off uptime,level,tags

Environment Variables:
PATH=/usr/bin:/bin:/usr/sbin:/sbin
SHELL=/bin/bash

Signal Handlers:
SIGSEGV: [libjvm.dylib+0x9fe2e0], sa_mask[0]=11111111011111110111111111111111, sa_flags=SA_ONSTACK|SA_RESTART|SA_SIGINFO
SIGBUS: [libjvm.dylib+0x9fe2e0], sa_mask[0]=11111111011111110111111111111111, sa_flags=SA_RESTART|SA_SIGINFO
SIGFPE: [libjvm.dylib+0x9fe2e0], sa_mask[0]=11111111011111110111111111111111, sa_flags=SA_RESTART|SA_SIGINFO
SIGPIPE: [libjvm.dylib+0x82a110], sa_mask[0]=11111111011111110111111111111111, sa_flags=SA_RESTART|SA_SIGINFO
SIGXFSZ: [libjvm.dylib+0x82a110], sa_mask[0]=11111111011111110111111111111111, sa_flags=SA_RESTART|SA_SIGINFO
SIGILL: [libjvm.dylib+0x9fe2e0], sa_mask[0]=11111111011111110111111111111111, sa_flags=SA_RESTART|SA_SIGINFO
SIGUSR2: [libjvm.dylib+0x82ac20], sa_mask[0]=00100000000000000000000000000000, sa_flags=SA_RESTART|SA_SIGINFO
SIGHUP: [libjvm.dylib+0x829320], sa_mask[0]=11111111011111110111111111111111, sa_flags=SA_RESTART|SA_SIGINFO
SIGINT: [libjvm.dylib+0x829320], sa_mask[0]=11111111011111110111111111111111, sa_flags=SA_RESTART|SA_SIGINFO
SIGTERM: [libjvm.dylib+0x829320], sa_mask[0]=11111111011111110111111111111111, sa_flags=SA_RESTART|SA_SIGINFO
SIGQUIT: [libjvm.dylib+0x829320], sa_mask[0]=11111111011111110111111111111111, sa_flags=SA_RESTART|SA_SIGINFO


---------------  S Y S T E M  ---------------

OS:uname: Darwin 20.3.0 Darwin Kernel Version 20.3.0: Thu Jan 21 00:07:06 PST 2021; root:xnu-7195.81.3~1/RELEASE_X86_64 x86_64
OS uptime: 38 days 1:57 hours
rlimit (soft/hard): STACK 8192k/65532k , CORE 0k/infinity , NPROC 1392/2088 , NOFILE 10240/infinity , AS infinity/infinity , CPU infinity/infinity , DATA infinity/infinity , FSIZE infinity/infinity , MEMLOCK infinity/infinity , RSS infinity/infinity
load average: 2.96 2.73 2.38

CPU: total 4 (initial active 4) (2 cores per cpu, 2 threads per core) family 6 model 61 stepping 4 microcode 0x2f, cmov, cx8, fxsr, mmx, sse, sse2, sse3, ssse3, sse4.1, sse4.2, popcnt, vzeroupper, avx, avx2, aes, clmul, erms, rtm, 3dnowpref, lzcnt, ht, tsc, tscinvbit, bmi1, bmi2, adx, fma, clflush

Memory: 4k page, physical 8388608k(1004148k free), swap 12582912k(680704k free)

vm_info: Java HotSpot(TM) 64-Bit Server VM (15.0.1+9-18) for bsd-amd64 JRE (15.0.1+9-18), built on Sep 15 2020 13:50:45 by "mach5one" with clang 4.2.1 Compatible Apple LLVM 10.0.0 (clang-1000.11.45.5)

END.
